<?xml version="1.0" encoding="UTF-8"?>
<!-- Generated by org.testng.reporters.JUnitXMLReporter -->
<testsuite hostname="LAPTOP-NBA1G7PD" ignored="0" name="Test2" tests="1" failures="0" timestamp="09 Oct 2021 16:26:17 GMT" time="0.301" errors="0">
  <testcase name="@BeforeClass launchBrowser" time="0.116" classname="com.crm.vtiger.GenericUtils.BaseClass">
    <failure type="org.openqa.selenium.WebDriverException" message="Cannot find firefox binary in PATH. Make sure firefox is installed. OS appears to be: WIN10
Build info: version: &amp;apos;3.141.59&amp;apos;, revision: &amp;apos;e82be7d358&amp;apos;, time: &amp;apos;2018-11-14T08:17:03&amp;apos;
System info: host: &amp;apos;LAPTOP-NBA1G7PD&amp;apos;, ip: &amp;apos;192.168.56.1&amp;apos;, os.name: &amp;apos;Windows 10&amp;apos;, os.arch: &amp;apos;amd64&amp;apos;, os.version: &amp;apos;10.0&amp;apos;, java.version: &amp;apos;1.8.0_144&amp;apos;
Driver info: driver.version: FirefoxDriver">
      <![CDATA[org.openqa.selenium.WebDriverException: Cannot find firefox binary in PATH. Make sure firefox is installed. OS appears to be: WIN10
Build info: version: '3.141.59', revision: 'e82be7d358', time: '2018-11-14T08:17:03'
System info: host: 'LAPTOP-NBA1G7PD', ip: '192.168.56.1', os.name: 'Windows 10', os.arch: 'amd64', os.version: '10.0', java.version: '1.8.0_144'
Driver info: driver.version: FirefoxDriver
at org.openqa.selenium.firefox.FirefoxBinary.<init>(FirefoxBinary.java:100)
at java.util.Optional.orElseGet(Unknown Source)
at org.openqa.selenium.firefox.FirefoxOptions.getBinary(FirefoxOptions.java:216)
at org.openqa.selenium.firefox.FirefoxDriver.toExecutor(FirefoxDriver.java:187)
at org.openqa.selenium.firefox.FirefoxDriver.<init>(FirefoxDriver.java:147)
at org.openqa.selenium.firefox.FirefoxDriver.<init>(FirefoxDriver.java:125)
at com.crm.vtiger.GenericUtils.BaseClass.launchBrowser(BaseClass.java:52)
... Removed 26 stack frames]]>
    </failure>
  </testcase> <!-- @BeforeClass launchBrowser -->
  <testcase name="@BeforeMethod loginToApp" time="0.0" classname="com.crm.vtiger.GenericUtils.BaseClass">
    <skipped/>
  </testcase> <!-- @BeforeMethod loginToApp -->
  <testcase name="@AfterMethod logoutOfApp" time="0.0" classname="com.crm.vtiger.GenericUtils.BaseClass">
    <skipped/>
  </testcase> <!-- @AfterMethod logoutOfApp -->
  <testcase name="@AfterClass closeBrowser" time="0.0" classname="com.crm.vtiger.GenericUtils.BaseClass">
    <skipped/>
  </testcase> <!-- @AfterClass closeBrowser -->
  <testcase name="createPurchseOrderWithVendorName" time="0.0" classname="testScript.TC_02CreatePurchseOrderWithVendorName">
    <skipped/>
  </testcase> <!-- createPurchseOrderWithVendorName -->
</testsuite> <!-- Test2 -->
